<?xml version="1.0" encoding="UTF-8"?>
<robot generator="Robot 6.1.1 (Python 3.12.1 on win32)" generated="20240111 15:12:56.363" rpa="false" schemaversion="4">
<suite id="s1" name="amazonTestes gherkin bdd" source="c:\projetos\Robot\WebTesting\web-testing-robot\amazonTestes_gherkin_bdd.robot">
<test id="s1-t1" name="Caso de Teste 01 - Acesso ao menu &quot;Eletrônicos&quot;" line="12">
<kw name="Abrir o navegador" library="amazon_resources" type="SETUP">
<kw name="Open Browser" library="SeleniumLibrary">
<arg>browser=edge</arg>
<doc>Opens a new browser instance to the optional ``url``.</doc>
<msg timestamp="20240111 15:12:56.614" level="INFO">Opening browser 'edge' to base url 'None'.</msg>
<msg timestamp="20240111 15:12:56.628" level="INFO">Executing: C:\Users\Viegas\AppData\Local\Programs\Python\Python312\Lib\site-packages\selenium\webdriver\common\windows\selenium-manager.exe --browser edge --output json</msg>
<status status="PASS" starttime="20240111 15:12:56.614" endtime="20240111 15:12:57.966"/>
</kw>
<kw name="Maximize Browser Window" library="SeleniumLibrary">
<doc>Maximizes current browser window.</doc>
<status status="PASS" starttime="20240111 15:12:57.967" endtime="20240111 15:12:58.100"/>
</kw>
<status status="PASS" starttime="20240111 15:12:56.613" endtime="20240111 15:12:58.101"/>
</kw>
<kw name="Acessar a home page do site Amazon.com.br" library="amazon_resources">
<kw name="Go To" library="SeleniumLibrary">
<arg>url=${URL}</arg>
<doc>Navigates the current browser window to the provided ``url``.</doc>
<msg timestamp="20240111 15:12:58.110" level="INFO">Opening url 'https://www.amazon.com.br/'</msg>
<status status="PASS" starttime="20240111 15:12:58.108" endtime="20240111 15:13:03.384"/>
</kw>
<kw name="Wait Until Element Is Visible" library="SeleniumLibrary">
<arg>locator=${MENU_ELETRONICOS}</arg>
<doc>Waits until the element ``locator`` is visible.</doc>
<status status="PASS" starttime="20240111 15:13:03.384" endtime="20240111 15:13:03.494"/>
</kw>
<status status="PASS" starttime="20240111 15:12:58.105" endtime="20240111 15:13:03.494"/>
</kw>
<kw name="Entrar no menu &quot;Eletrônicos&quot;" library="amazon_resources">
<kw name="Click Element" library="SeleniumLibrary">
<arg>locator=${MENU_ELETRONICOS}</arg>
<doc>Click the element identified by ``locator``.</doc>
<msg timestamp="20240111 15:13:03.498" level="INFO">Clicking element '//a[@href='/Eletronicos-e-Tecnologia/b/?ie=UTF8&amp;node=16209062011&amp;ref_=nav_cs_electronics'][contains(.,'Eletrônicos')]'.</msg>
<status status="PASS" starttime="20240111 15:13:03.496" endtime="20240111 15:13:07.657"/>
</kw>
<status status="PASS" starttime="20240111 15:13:03.494" endtime="20240111 15:13:07.657"/>
</kw>
<kw name="Verificar se aparece a frase &quot;Eletrônicos e Tecnologia&quot;" library="amazon_resources">
<kw name="Wait Until Page Contains" library="SeleniumLibrary">
<arg>text=${TEXTO_HEADER_ELETRONICOS}</arg>
<doc>Waits until ``text`` appears on the current page.</doc>
<status status="PASS" starttime="20240111 15:13:07.659" endtime="20240111 15:13:07.717"/>
</kw>
<kw name="Wait Until Element Is Visible" library="SeleniumLibrary">
<arg>locator=${HEADER_ELETRONICOS}</arg>
<doc>Waits until the element ``locator`` is visible.</doc>
<status status="PASS" starttime="20240111 15:13:07.717" endtime="20240111 15:13:07.784"/>
</kw>
<status status="PASS" starttime="20240111 15:13:07.658" endtime="20240111 15:13:07.784"/>
</kw>
<kw name="Verificar se o título da página fica &quot;Eletrônicos e Tecnologia | Amazon.com.br&quot;" library="amazon_resources" sourcename="Verificar se o título da página fica &quot;${TITULO}&quot;">
<kw name="Title Should Be" library="SeleniumLibrary">
<arg>title=${TITULO}</arg>
<doc>Verifies that the current page title equals ``title``.</doc>
<msg timestamp="20240111 15:13:07.801" level="INFO">Page title is 'Eletrônicos e Tecnologia | Amazon.com.br'.</msg>
<status status="PASS" starttime="20240111 15:13:07.785" endtime="20240111 15:13:07.801"/>
</kw>
<status status="PASS" starttime="20240111 15:13:07.785" endtime="20240111 15:13:07.801"/>
</kw>
<kw name="Verificar se aparece a categoria &quot;Computadores e Informática&quot;" library="amazon_resources" sourcename="Verificar se aparece a categoria &quot;${CATEGORIA}&quot;">
<kw name="Element Should Be Visible" library="SeleniumLibrary">
<arg>locator=//img[contains(@alt,'${CATEGORIA}')]</arg>
<doc>Verifies that the element identified by ``locator`` is visible.</doc>
<msg timestamp="20240111 15:13:07.871" level="INFO">Element '//img[contains(@alt,'Computadores e Informática')]' is displayed.</msg>
<status status="PASS" starttime="20240111 15:13:07.802" endtime="20240111 15:13:07.871"/>
</kw>
<status status="PASS" starttime="20240111 15:13:07.802" endtime="20240111 15:13:07.871"/>
</kw>
<kw name="Verificar se aparece a categoria &quot;Tablets&quot;" library="amazon_resources" sourcename="Verificar se aparece a categoria &quot;${CATEGORIA}&quot;">
<kw name="Element Should Be Visible" library="SeleniumLibrary">
<arg>locator=//img[contains(@alt,'${CATEGORIA}')]</arg>
<doc>Verifies that the element identified by ``locator`` is visible.</doc>
<msg timestamp="20240111 15:13:07.976" level="INFO">Element '//img[contains(@alt,'Tablets')]' is displayed.</msg>
<status status="PASS" starttime="20240111 15:13:07.872" endtime="20240111 15:13:07.977"/>
</kw>
<status status="PASS" starttime="20240111 15:13:07.872" endtime="20240111 15:13:07.977"/>
</kw>
<kw name="Fechar o navegador" library="amazon_resources" type="TEARDOWN">
<kw name="Capture Page Screenshot" library="SeleniumLibrary">
<doc>Takes a screenshot of the current page and embeds it into a log file.</doc>
<msg timestamp="20240111 15:13:08.212" level="INFO" html="true">&lt;/td&gt;&lt;/tr&gt;&lt;tr&gt;&lt;td colspan="3"&gt;&lt;a href="selenium-screenshot-1.png"&gt;&lt;img src="selenium-screenshot-1.png" width="800px"&gt;&lt;/a&gt;</msg>
<status status="PASS" starttime="20240111 15:13:07.978" endtime="20240111 15:13:08.213"/>
</kw>
<kw name="Close Browser" library="SeleniumLibrary">
<doc>Closes the current browser.</doc>
<status status="PASS" starttime="20240111 15:13:08.213" endtime="20240111 15:13:10.426"/>
</kw>
<status status="PASS" starttime="20240111 15:13:07.978" endtime="20240111 15:13:10.427"/>
</kw>
<doc>Esse teste verifica o menu Eletrônicos da Amazon.com.br
categoria computadores e Informática</doc>
<tag>menus</tag>
<status status="PASS" starttime="20240111 15:12:56.612" endtime="20240111 15:13:10.429"/>
</test>
<doc>Essa suite testa o site da Amazon.com.br</doc>
<status status="PASS" starttime="20240111 15:12:56.379" endtime="20240111 15:13:10.436"/>
</suite>
<statistics>
<total>
<stat pass="1" fail="0" skip="0">All Tests</stat>
</total>
<tag>
<stat pass="1" fail="0" skip="0">menus</stat>
</tag>
<suite>
<stat pass="1" fail="0" skip="0" id="s1" name="amazonTestes gherkin bdd">amazonTestes gherkin bdd</stat>
</suite>
</statistics>
<errors>
</errors>
</robot>
