<?xml version="1.0" encoding="UTF-8"?>
<robot generator="Robot 6.1.1 (Python 3.12.1 on win32)" generated="20240115 16:31:52.115" rpa="false" schemaversion="4">
<suite id="s1" name="UsandoLoops" source="C:\projetos\Robot\WebTesting\web-testing-robot\ExemplosEstruturas\UsandoLoops.robot">
<test id="s1-t1" name="Teste de FOR do tipo IN" line="19">
<kw name="Usando FOR IN">
<kw name="Log To Console" library="BuiltIn">
<arg>${\n}</arg>
<doc>Logs the given message to the console.</doc>
<status status="PASS" starttime="20240115 16:31:52.143" endtime="20240115 16:31:52.144"/>
</kw>
<for flavor="IN">
<var>${FRUTA}</var>
<value>@{MINHA_LISTA_DE_FRUTAS}</value>
<iter>
<var name="${FRUTA}">maça</var>
<kw name="Log To Console" library="BuiltIn">
<arg>Minha fruta é: ${FRUTA}!</arg>
<doc>Logs the given message to the console.</doc>
<status status="PASS" starttime="20240115 16:31:52.144" endtime="20240115 16:31:52.144"/>
</kw>
<kw name="No Operation" library="BuiltIn">
<doc>Does absolutely nothing.</doc>
<status status="PASS" starttime="20240115 16:31:52.144" endtime="20240115 16:31:52.145"/>
</kw>
<status status="PASS" starttime="20240115 16:31:52.144" endtime="20240115 16:31:52.145"/>
</iter>
<iter>
<var name="${FRUTA}">abacaxi</var>
<kw name="Log To Console" library="BuiltIn">
<arg>Minha fruta é: ${FRUTA}!</arg>
<doc>Logs the given message to the console.</doc>
<status status="PASS" starttime="20240115 16:31:52.145" endtime="20240115 16:31:52.145"/>
</kw>
<kw name="No Operation" library="BuiltIn">
<doc>Does absolutely nothing.</doc>
<status status="PASS" starttime="20240115 16:31:52.145" endtime="20240115 16:31:52.145"/>
</kw>
<status status="PASS" starttime="20240115 16:31:52.145" endtime="20240115 16:31:52.145"/>
</iter>
<iter>
<var name="${FRUTA}">banana</var>
<kw name="Log To Console" library="BuiltIn">
<arg>Minha fruta é: ${FRUTA}!</arg>
<doc>Logs the given message to the console.</doc>
<status status="PASS" starttime="20240115 16:31:52.145" endtime="20240115 16:31:52.146"/>
</kw>
<kw name="No Operation" library="BuiltIn">
<doc>Does absolutely nothing.</doc>
<status status="PASS" starttime="20240115 16:31:52.146" endtime="20240115 16:31:52.146"/>
</kw>
<status status="PASS" starttime="20240115 16:31:52.145" endtime="20240115 16:31:52.146"/>
</iter>
<iter>
<var name="${FRUTA}">morango</var>
<kw name="Log To Console" library="BuiltIn">
<arg>Minha fruta é: ${FRUTA}!</arg>
<doc>Logs the given message to the console.</doc>
<status status="PASS" starttime="20240115 16:31:52.146" endtime="20240115 16:31:52.146"/>
</kw>
<kw name="No Operation" library="BuiltIn">
<doc>Does absolutely nothing.</doc>
<status status="PASS" starttime="20240115 16:31:52.147" endtime="20240115 16:31:52.147"/>
</kw>
<status status="PASS" starttime="20240115 16:31:52.146" endtime="20240115 16:31:52.147"/>
</iter>
<iter>
<var name="${FRUTA}">laranja</var>
<kw name="Log To Console" library="BuiltIn">
<arg>Minha fruta é: ${FRUTA}!</arg>
<doc>Logs the given message to the console.</doc>
<status status="PASS" starttime="20240115 16:31:52.147" endtime="20240115 16:31:52.147"/>
</kw>
<kw name="No Operation" library="BuiltIn">
<doc>Does absolutely nothing.</doc>
<status status="PASS" starttime="20240115 16:31:52.147" endtime="20240115 16:31:52.147"/>
</kw>
<status status="PASS" starttime="20240115 16:31:52.147" endtime="20240115 16:31:52.147"/>
</iter>
<iter>
<var name="${FRUTA}">uva</var>
<kw name="Log To Console" library="BuiltIn">
<arg>Minha fruta é: ${FRUTA}!</arg>
<doc>Logs the given message to the console.</doc>
<status status="PASS" starttime="20240115 16:31:52.147" endtime="20240115 16:31:52.148"/>
</kw>
<kw name="No Operation" library="BuiltIn">
<doc>Does absolutely nothing.</doc>
<status status="PASS" starttime="20240115 16:31:52.148" endtime="20240115 16:31:52.148"/>
</kw>
<status status="PASS" starttime="20240115 16:31:52.147" endtime="20240115 16:31:52.148"/>
</iter>
<status status="PASS" starttime="20240115 16:31:52.144" endtime="20240115 16:31:52.148"/>
</for>
<status status="PASS" starttime="20240115 16:31:52.143" endtime="20240115 16:31:52.148"/>
</kw>
<doc>Faz um loop percorrendo a lista que você passar</doc>
<status status="PASS" starttime="20240115 16:31:52.142" endtime="20240115 16:31:52.149"/>
</test>
<doc>Vamos aprender a fazer LOOPS usando o Robot Framework!!</doc>
<status status="PASS" starttime="20240115 16:31:52.117" endtime="20240115 16:31:52.149"/>
</suite>
<statistics>
<total>
<stat pass="1" fail="0" skip="0">All Tests</stat>
</total>
<tag>
</tag>
<suite>
<stat pass="1" fail="0" skip="0" id="s1" name="UsandoLoops">UsandoLoops</stat>
</suite>
</statistics>
<errors>
</errors>
</robot>
